// 重构日志: fe0051f5
// 重构日志: 76b08dd2
// 重构日志: 3c5f6c29
// 重构日志: 535d7c5e
// 同步 ID: 94f10104 @ Thu Jul  9 05:07:31 UTC 2026
// 重构日志: d137a99b
// 同步 ID: ae87815c @ Thu Jul  9 12:00:12 UTC 2026
// 同步 ID: e857e8dc @ Sun Jul 12 07:59:32 UTC 2026
// 重构日志: 46b3c0d1
// 重构日志: 8aebeb50
// 同步 ID: 53b200bd @ Sun Jul 12 20:12:58 UTC 2026
// 重构日志: 3746353f
// 同步 ID: 45ebb9f3 @ Wed Jul 15 01:44:45 UTC 2026
// 同步 ID: ea5780a2 @ Wed Jul 15 04:28:10 UTC 2026
// 同步 ID: 9287933d @ Wed Jul 15 09:54:40 UTC 2026
// 重构日志: 6fb6cc18
// 同步 ID: c804b3e5 @ Wed Jul 15 15:15:28 UTC 2026
// 同步 ID: 625a02df @ Thu Jul 16 19:29:31 UTC 2026
// 重构日志: 551dd6c9
// 重构日志: a7e73bbd
// 重构日志: 677edce4
// 同步 ID: 8952c8a8 @ Mon Jul 20 08:24:32 UTC 2026
// 重构日志: 01463ff9
// 同步 ID: 5cd5b1e6 @ Tue Jul 21 15:21:21 UTC 2026
// 同步 ID: 7cc0280a @ Wed Jul 22 05:36:02 UTC 2026
// 重构日志: 2d40a00f
// 重构日志: c2575c8c
// 同步 ID: 638c0cf6 @ Thu Jul 23 05:48:33 UTC 2026
// 重构日志: 7ebdb9d3
// 同步 ID: 8ec652fe @ Thu Jul 23 16:05:00 UTC 2026
